2022-04-28 12:27:31,059 [INFO] login-log: Test check
2022-04-28 12:30:38,181 [INFO] register-log: Register check
2022-04-28 13:13:07,755 [INFO] dashboard-log: Dashboard check
2022-04-28 13:14:05,194 [INFO] dashboard-log: Dashboard check
2022-04-28 13:14:28,150 [INFO] dashboard-log: Dashboard check
2022-04-28 17:29:12,164 [INFO] login-log: Login Test
2022-04-28 17:29:13,022 [INFO] login-log: Login Test
2022-04-28 17:29:13,176 [INFO] login-log: Test check
2022-04-28 17:35:07,151 [INFO] login-log: Login Test
2022-04-28 17:35:08,376 [INFO] login-log: Login Test
2022-04-28 17:35:08,519 [INFO] login-log: Test check
2022-04-28 17:48:29,709 [INFO] login-log: Login Test
2022-04-28 17:48:30,591 [INFO] login-log: Login Test
2022-04-28 17:48:30,749 [INFO] login-log: Test check
2022-04-28 13:49:47,924 [INFO] dashboard-log: Dashboard check
2022-04-28 17:50:07,049 [INFO] dashboard-log: Dashboard check
2022-04-28 17:52:25,068 [INFO] login-log: Login Test
2022-04-28 17:52:25,878 [INFO] login-log: Login Test
2022-04-28 17:52:26,002 [INFO] login-log: Test check
2022-04-28 17:56:38,554 [INFO] login-log: Login Test
2022-04-28 17:57:20,091 [INFO] login-log: Login Test
2022-04-28 17:57:32,231 [INFO] dashboard-log: Dashboard check
2022-04-28 17:58:49,748 [INFO] dashboard-log: Dashboard check
2022-04-28 17:59:16,396 [INFO] login-log: Login Test
2022-04-28 17:59:47,897 [INFO] login-log: Login Test
2022-04-28 18:15:43,258 [INFO] login-log: Login Test
2022-04-29 01:12:17,553 [INFO] login login-log: Login Test
2022-04-29 01:12:18,532 [INFO] login login-log: Login Test
2022-04-29 01:12:18,692 [INFO] test_request_login login-log: Test check
2022-04-29 01:12:25,228 [INFO] login-log: Login Test
2022-04-29 01:46:35,635 [INFO] login login-log: Login Test
2022-04-29 01:46:36,573 [INFO] login login-log: Login Test
2022-04-29 01:46:36,715 [INFO] test_request_login login-log: Test check
2022-04-29 01:55:22,507 [INFO] login login-log: Login Test
2022-04-29 01:55:23,630 [INFO] login login-log: Login Test
2022-04-29 01:55:23,796 [INFO] test_request_login login-log: Test check
2022-04-29 01:57:25,598 [INFO] login login-log: Login Test
2022-04-29 01:57:31,121 [INFO] login login-log: Login Test
2022-04-29 02:02:39,031 [INFO] login login-log: Login Test
2022-04-29 02:02:39,958 [INFO] login login-log: Login Test
2022-04-29 02:02:40,097 [INFO] test_request_login login-log: Test check
2022-04-29 02:15:38,292 [INFO] login login-log: Login Test
2022-04-29 02:15:39,289 [INFO] login login-log: Login Test
2022-04-29 02:15:39,444 [INFO] test_request_login login-log: Test check
2022-04-29 02:17:01,360 [INFO] login login-log: Login Test
2022-04-29 02:17:02,478 [INFO] login login-log: Login Test
2022-04-29 02:17:02,639 [INFO] test_request_login login-log: Test check
2022-04-29 02:17:33,815 [INFO] login login-log: Login Test
2022-04-29 02:17:34,772 [INFO] login login-log: Login Test
2022-04-29 02:17:34,923 [INFO] test_request_login login-log: Test check
2022-04-29 02:17:45,604 [INFO] login login-log: Login Test
2022-04-29 02:18:52,601 [INFO] login login-log: Login Test
2022-04-29 02:18:57,258 [INFO] login login-log: Login Test
2022-04-29 02:19:02,935 [INFO] login login-log: Login Test
2022-04-29 02:19:30,570 [INFO] login login-log: Login Test
2022-04-29 02:19:37,209 [INFO] login login-log: Login Test
2022-04-29 02:20:03,880 [INFO] login login-log: Login Test
2022-04-29 02:20:12,484 [INFO] login login-log: Login Test
2022-04-29 02:20:46,908 [INFO] login login-log: Login Test
2022-04-29 02:20:59,373 [INFO] login login-log: Login Test
2022-04-29 02:21:06,656 [INFO] login login-log: Login Test
2022-04-29 02:22:20,024 [INFO] login login-log: Login Test
2022-04-29 02:22:27,209 [INFO] login login-log: Login Test
2022-04-29 02:22:59,714 [INFO] login login-log: Login Test
2022-04-29 02:23:06,581 [INFO] login login-log: Login Test
2022-04-29 02:23:08,383 [INFO] login login-log: Login Test
2022-04-29 02:24:02,182 [INFO] login login-log: Login Test
2022-04-29 02:24:03,220 [INFO] login login-log: Login Test
2022-04-29 02:24:03,371 [INFO] test_request_login login-log: Test check
2022-04-29 02:25:21,246 [INFO] login login-log: Login Test
2022-04-29 02:25:22,321 [INFO] login login-log: Login Test
2022-04-29 02:25:22,473 [INFO] test_request_login login-log: Test check
2022-04-29 02:25:55,078 [INFO] login login-log: Login Test
2022-04-29 02:25:56,235 [INFO] login login-log: Login Test
2022-04-29 02:25:56,387 [INFO] test_request_login login-log: Test check
2022-04-29 02:26:59,827 [INFO] login login-log: Login Test
2022-04-29 02:27:00,848 [INFO] login login-log: Login Test
2022-04-29 02:27:00,992 [INFO] test_request_login login-log: Test check
2022-04-29 02:27:10,704 [INFO] login login-log: Login Test
2022-04-29 02:27:11,655 [INFO] login login-log: Login Test
2022-04-29 02:27:11,795 [INFO] test_request_login login-log: Test check
2022-04-29 02:27:42,005 [INFO] login login-log: Login Test
2022-04-29 02:27:42,985 [INFO] login login-log: Login Test
2022-04-29 02:27:43,123 [INFO] test_request_login login-log: Test check
2022-04-29 02:29:36,687 [INFO] login login-log: Login Test
2022-04-29 02:29:37,638 [INFO] login login-log: Login Test
2022-04-29 02:29:37,775 [INFO] test_request_login login-log: Test check
2022-04-29 02:29:53,172 [INFO] login login-log: Login Test
2022-04-29 02:29:54,142 [INFO] login login-log: Login Test
2022-04-29 02:29:54,292 [INFO] test_request_login login-log: Test check
2022-04-29 02:30:12,540 [INFO] login login-log: Login Test
2022-04-29 02:30:13,488 [INFO] login login-log: Login Test
2022-04-29 02:30:13,633 [INFO] test_request_login login-log: Test check
2022-04-29 02:30:25,437 [INFO] login login-log: Login Test
2022-04-29 02:30:50,243 [INFO] login login-log: Login Test
2022-04-29 02:30:50,309 [INFO] login login-log: Login Test
2022-04-29 02:31:35,085 [INFO] login login-log: Login Test
2022-04-29 02:31:36,089 [INFO] login login-log: Login Test
2022-04-29 02:31:36,248 [INFO] test_request_login login-log: Test check
2022-04-29 02:31:40,397 [INFO] login login-log: Login Test
2022-04-29 02:31:40,432 [INFO] login login-log: Login Test
2022-04-29 02:31:44,084 [INFO] login login-log: Login Test
2022-04-29 02:31:50,929 [INFO] login login-log: Login Test
2022-04-29 02:31:50,968 [INFO] login login-log: Login Test
2022-04-29 02:32:39,622 [INFO] login login-log: Login Test
2022-04-29 02:32:40,724 [INFO] login login-log: Login Test
2022-04-29 02:32:40,865 [INFO] test_request_login login-log: Test check
2022-04-29 02:32:52,771 [INFO] login login-log: Login Test
2022-04-29 02:32:53,622 [INFO] login login-log: Login Test
2022-04-29 02:32:53,800 [INFO] test_request_login login-log: Test check
2022-04-29 02:33:13,736 [INFO] login login-log: Login Test
2022-04-29 02:33:14,817 [INFO] login login-log: Login Test
2022-04-29 02:33:14,969 [INFO] test_request_login login-log: Test check
2022-04-29 02:33:32,957 [INFO] login login-log: Login Test
2022-04-29 02:33:33,899 [INFO] login login-log: Login Test
2022-04-29 02:33:34,033 [INFO] test_request_login login-log: Test check
2022-04-29 02:33:49,521 [INFO] login login-log: Login Test
2022-04-29 02:33:49,551 [INFO] login login-log: Login Test
2022-04-29 02:34:20,597 [INFO] login login-log: Login Test
2022-04-29 02:34:21,661 [INFO] login login-log: Login Test
2022-04-29 02:34:21,814 [INFO] test_request_login login-log: Test check
2022-04-29 02:34:26,455 [INFO] login login-log: Login Test
2022-04-29 02:34:32,530 [INFO] login login-log: Login Test
2022-04-29 02:34:32,567 [INFO] login login-log: Login Test
2022-04-29 02:35:29,226 [INFO] login login-log: Login Test
2022-04-29 02:35:30,196 [INFO] login login-log: Login Test
2022-04-29 02:35:30,344 [INFO] test_request_login login-log: Test check
2022-04-29 02:35:49,301 [INFO] login login-log: Login Test
2022-04-29 02:35:50,239 [INFO] login login-log: Login Test
2022-04-29 02:35:50,398 [INFO] test_request_login login-log: Test check
2022-04-29 02:36:11,356 [INFO] login login-log: Login Test
2022-04-29 02:36:11,406 [INFO] login login-log: Login Test
2022-04-29 02:36:19,634 [INFO] login login-log: Login Test
